Server running on port 8001
Connected to MongoDB
[0mGET /api [32m200[0m 2.217 ms - 39[0m
[0mGET /api/ [32m200[0m 2.278 ms - 39[0m
[0mGET /api/ [36m304[0m 0.487 ms - -[0m
[0mPOST /api/auth/register [32m200[0m 130.002 ms - 220[0m
[0mPOST /api/auth/login [32m200[0m 97.841 ms - 220[0m
[0mGET /api/auth/me [33m401[0m 0.763 ms - 44[0m
[0mGET /api/auth/me [32m200[0m 6.275 ms - 149[0m
[0mPOST /api/profile [32m200[0m 10.321 ms - 326[0m
Suggestion API error: {
  error: {
    message: 'Insufficient Balance',
    type: 'unknown_error',
    param: null,
    code: 'invalid_request_error'
  }
}
[0mPOST /api/suggestions [31m500[0m 741.068 ms - 158[0m
[0mPOST /api/auth/register [32m200[0m 98.781 ms - 220[0m
[0mPOST /api/auth/register [32m200[0m 98.000 ms - 220[0m
[0mPOST /api/auth/login [32m200[0m 95.027 ms - 220[0m
[0mGET /api/auth/me [33m401[0m 0.336 ms - 44[0m
[0mPOST /api/auth/register [32m200[0m 97.996 ms - 220[0m
[0mPOST /api/auth/login [32m200[0m 95.340 ms - 220[0m
[0mGET /api/auth/me [32m200[0m 4.498 ms - 165[0m
Profile validation failed: experience: Cast to embedded failed for value "5 years" (type string) at path "experience" because of "ObjectParameterError"
[0mPOST /api/profile [31m500[0m 6.847 ms - 12[0m
[0mPOST /api/auth/register [32m200[0m 97.216 ms - 220[0m
[0mPOST /api/auth/login [32m200[0m 94.805 ms - 220[0m
[0mGET /api/auth/me [32m200[0m 3.860 ms - 165[0m
[0mPOST /api/profile [32m200[0m 12.491 ms - 917[0m
[0mPOST /api/auth/register [32m200[0m 96.808 ms - 220[0m
[0mPOST /api/auth/login [32m200[0m 94.001 ms - 220[0m
[0mGET /api/auth/me [32m200[0m 3.695 ms - 165[0m
[0mPOST /api/profile [32m200[0m 8.549 ms - 917[0m
[0mGET /api/profile/me [32m200[0m 12.618 ms - 1009[0m
[0mGET /api/profile/680d0ac5ce8e24e625b3850f [32m200[0m 6.042 ms - 1009[0m
Cast to ObjectId failed for value "0b7b482a-6fef-4103-a764-d8f18539fe0c" (type string) at path "_id" for model "User"
[0mPOST /api/chat/start [31m500[0m 2.828 ms - 12[0m
[0mPOST /api/auth/register [32m200[0m 96.195 ms - 220[0m
[0mPOST /api/auth/login [32m200[0m 93.208 ms - 220[0m
[0mGET /api/auth/me [32m200[0m 3.237 ms - 165[0m
[0mPOST /api/profile [32m200[0m 8.046 ms - 917[0m
[0mGET /api/profile/me [32m200[0m 6.276 ms - 1009[0m
[0mGET /api/profile/680d0aecce8e24e625b38521 [32m200[0m 4.547 ms - 1009[0m
[0mPOST /api/auth/register [32m200[0m 95.556 ms - 220[0m
[0mPOST /api/auth/register [32m200[0m 96.168 ms - 220[0m
[0mPOST /api/auth/login [32m200[0m 93.636 ms - 220[0m
[0mGET /api/auth/me [32m200[0m 3.438 ms - 165[0m
[0mPOST /api/profile [32m200[0m 7.537 ms - 917[0m
[0mGET /api/profile/me [32m200[0m 5.475 ms - 1009[0m
[0mGET /api/profile/680d0b09ce8e24e625b38536 [32m200[0m 4.807 ms - 1009[0m
[0mPOST /api/auth/register [32m200[0m 95.358 ms - 220[0m
[0mPOST /api/auth/login [32m200[0m 92.927 ms - 220[0m
[0mGET /api/auth/me [32m200[0m 3.426 ms - 165[0m
[0mPOST /api/chat/start [32m200[0m 9.240 ms - 357[0m
[0mPOST /api/chat/680d0b09ce8e24e625b3854e/message [32m200[0m 8.960 ms - 510[0m
[0mPOST /api/auth/register [32m200[0m 95.276 ms - 220[0m
[0mPOST /api/auth/login [32m200[0m 93.629 ms - 220[0m
[0mGET /api/auth/me [32m200[0m 3.412 ms - 165[0m
[0mPOST /api/profile [32m200[0m 7.584 ms - 917[0m
[0mGET /api/profile/me [32m200[0m 6.191 ms - 1009[0m
[0mGET /api/profile/680d0b16ce8e24e625b38556 [32m200[0m 5.391 ms - 1009[0m
[0mPOST /api/auth/register [32m200[0m 96.411 ms - 220[0m
[0mPOST /api/auth/login [32m200[0m 93.116 ms - 220[0m
[0mGET /api/auth/me [32m200[0m 3.294 ms - 165[0m
[0mPOST /api/chat/start [32m200[0m 8.412 ms - 357[0m
[0mPOST /api/chat/680d0b17ce8e24e625b3856e/message [32m200[0m 6.121 ms - 510[0m
[0mGET /api/chat/680d0b17ce8e24e625b3856e [32m200[0m 8.037 ms - 802[0m
[0mGET /api/chat [32m200[0m 6.904 ms - 658[0m
[0mGET /api/ [32m200[0m 0.220 ms - 39[0m
[0mGET /api/ [36m304[0m 0.279 ms - -[0m
[0mGET /api/ [32m200[0m 0.247 ms - 39[0m
[0mGET /api/ [36m304[0m 0.265 ms - -[0m
[0mGET /api [32m200[0m 0.288 ms - 39[0m
[0mPOST /api/auth/register [33m400[0m 1.060 ms - 94[0m
[0mPOST /api/auth/register [32m200[0m 95.578 ms - 220[0m
[0mPOST /api/auth/register [32m200[0m 95.461 ms - 220[0m
[0mPOST /api/auth/login [32m200[0m 94.622 ms - 220[0m
[0mGET /api/auth/me [33m401[0m 0.305 ms - 44[0m
[0mPOST /api/auth/register [32m200[0m 95.730 ms - 220[0m
[0mPOST /api/auth/login [32m200[0m 93.203 ms - 220[0m
[0mGET /api/auth/me [32m200[0m 4.137 ms - 193[0m
[0mPOST /api/profile [33m400[0m 1.844 ms - 95[0m
[0mPOST /api/auth/register [32m200[0m 95.295 ms - 220[0m
[0mPOST /api/auth/login [32m200[0m 93.463 ms - 220[0m
[0mGET /api/auth/me [32m200[0m 3.194 ms - 193[0m
[0mPOST /api/profile [32m200[0m 5.421 ms - 368[0m
[0mGET /api/profile [33m404[0m 3.167 ms - 150[0m
[0mGET /api/auth/me [33m401[0m 0.271 ms - 44[0m
[0mGET /api/auth/me [33m401[0m 0.259 ms - 44[0m
[0mGET /api/auth/me [33m401[0m 0.295 ms - 44[0m
[0mGET /api/auth/me [33m401[0m 0.309 ms - 44[0m
[0mGET /api/auth/me [33m401[0m 0.267 ms - 44[0m
[0mGET /api/auth/me [33m401[0m 0.279 ms - 44[0m
[0mPOST /api/auth/register [32m200[0m 95.606 ms - 220[0m
[0mPOST /api/auth/login [32m200[0m 94.732 ms - 220[0m
[0mGET /api/auth/me [32m200[0m 3.112 ms - 193[0m
[0mPOST /api/profile [32m200[0m 5.851 ms - 368[0m
[0mGET /api/profile [33m404[0m 0.478 ms - 150[0m
[0mGET /api/auth/me [33m401[0m 0.256 ms - 44[0m
[0mGET /api/auth/me [33m401[0m 0.219 ms - 44[0m
[0mGET /api/auth/me [33m401[0m 0.281 ms - 44[0m
[0mPOST /api/auth/register [32m200[0m 97.245 ms - 220[0m
[0mGET /api/auth/me [33m401[0m 0.262 ms - 44[0m
[0mGET /api/auth/me [32m200[0m 6.882 ms - 163[0m
[0mGET /api/profile/me [33m404[0m 5.037 ms - 45[0m
[0mGET /api/profile/me [33m404[0m 5.567 ms - 45[0m
[0mGET /api/auth/me [32m200[0m 2.812 ms - 163[0m
[0mGET /api/auth/me [32m200[0m 2.960 ms - 163[0m
[0mGET /api/auth/me [36m304[0m 5.772 ms - -[0m
[0mGET /api/profile/me [33m404[0m 4.250 ms - 45[0m
[0mGET /api/auth/me [36m304[0m 5.318 ms - -[0m
[0mGET /api/profile/me [33m404[0m 3.853 ms - 45[0m
[0mGET /api/profile/me [33m404[0m 4.621 ms - 45[0m
[0mGET /api/auth/me [32m200[0m 3.823 ms - 163[0m
[0mPOST /api/profile [32m200[0m 5.359 ms - 328[0m
[0mGET /api/profile/me [32m200[0m 7.363 ms - 418[0m
[0mGET /api/profile/me [32m200[0m 10.937 ms - 418[0m
[0mGET /api/chat [32m200[0m 5.303 ms - 2[0m
[0mGET /api/chat [32m200[0m 3.793 ms - 2[0m
[0mGET /api/profile/me [36m304[0m 10.489 ms - -[0m
[0mGET /api/profile/me [32m200[0m 6.536 ms - 418[0m
[0mGET /api/chat [36m304[0m 2.986 ms - -[0m
[0mGET /api/chat [32m200[0m 3.083 ms - 2[0m
[0mGET /api/profile/me [36m304[0m 5.612 ms - -[0m
[0mGET /api/profile/me [32m200[0m 4.207 ms - 418[0m
[0mGET /api/chat [32m200[0m 5.089 ms - 2[0m
[0mGET /api/chat [36m304[0m 2.955 ms - -[0m
[0mGET /api/profile/me [36m304[0m 5.505 ms - -[0m
[0mGET /api/profile/me [32m200[0m 7.029 ms - 418[0m
[0mPOST /api/auth/register [32m200[0m 96.719 ms - 220[0m
[0mGET /api/auth/me [36m304[0m 3.317 ms - -[0m
[0mGET /api/auth/me [32m200[0m 6.735 ms - 142[0m
[0mGET /api/auth/me [32m200[0m 7.392 ms - 142[0m
[0mGET /api/profile/me [33m404[0m 3.909 ms - 45[0m
[0mGET /api/profile/me [33m404[0m 2.580 ms - 45[0m
[0mGET /api/chat [36m304[0m 9.830 ms - -[0m
[0mGET /api/chat [36m304[0m 8.301 ms - -[0m
[0mGET /api/auth/me [32m200[0m 6.157 ms - 142[0m
[0mGET /api/auth/me [32m200[0m 7.635 ms - 142[0m
[0mGET /api/profile/me [33m404[0m 4.733 ms - 45[0m
[0mGET /api/profile/me [33m404[0m 3.080 ms - 45[0m
[0mGET /api/chat [36m304[0m 2.891 ms - -[0m
[0mGET /api/chat [32m200[0m 2.574 ms - 2[0m
